<?xml version="1.0" encoding="UTF-8"?>
<!-- Generated by org.testng.reporters.JUnitXMLReporter -->
<testsuite ignored="0" hostname="LAPTOP-0PM6QV8U" failures="0" tests="6" name="AutomationExerciseTests" time="79.487" errors="0" timestamp="2026-06-08T15:36:46 IST">
  <testcase classname="testcases.LoginTest" name="validLoginTest" time="14.236"/>
  <testcase classname="testcases.SignupTest" name="registerUserTest" time="10.485"/>
  <testcase classname="testcases.ProductsTest" name="searchProductTest" time="9.985"/>
  <testcase classname="testcases.CartTest" name="addProductToCartTest" time="6.135"/>
  <testcase classname="testcases.CheckoutTest" name="checkoutTest" time="7.195"/>
  <testcase classname="testcases.ContactUsTest" name="contactUsTest" time="5.115"/>
</testsuite> <!-- AutomationExerciseTests -->
