<?xml version="1.0" encoding="UTF-8"?>
<!-- Generated by org.testng.reporters.JUnitXMLReporter -->
<testsuite ignored="0" hostname="LAPTOP-0PM6QV8U" failures="0" tests="6" name="AutomationExerciseTests" time="68.147" errors="0" timestamp="2026-06-08T11:23:39 IST">
  <testcase classname="testcases.LoginTest" name="validLoginTest" time="2.758"/>
  <testcase classname="testcases.SignupTest" name="registerUserTest" time="4.188"/>
  <testcase classname="testcases.ProductsTest" name="searchProductTest" time="4.768"/>
  <testcase classname="testcases.CartTest" name="addProductToCartTest" time="2.068"/>
  <testcase classname="testcases.CheckoutTest" name="checkoutTest" time="9.963"/>
  <testcase classname="testcases.ContactUsTest" name="contactUsTest" time="2.728"/>
</testsuite> <!-- AutomationExerciseTests -->
