<?xml version="1.0" encoding="UTF-8"?>
<testng-results ignored="0" total="6" passed="6" failed="0" skipped="0">
  <reporter-output>
  </reporter-output>
  <suite started-at="2026-06-08T09:16:25 IST" name="AutomationExerciseSuite" finished-at="2026-06-08T09:17:48 IST" duration-ms="82561">
    <groups>
    </groups>
    <test started-at="2026-06-08T09:16:25 IST" name="AutomationExerciseTests" finished-at="2026-06-08T09:17:48 IST" duration-ms="82561">
      <class name="testcases.ContactUsTest">
        <test-method is-config="true" signature="setup()[pri:0, instance:testcases.ContactUsTest@44a59da3]" started-at="2026-06-08T09:17:17 IST" name="setup" finished-at="2026-06-08T09:17:19 IST" duration-ms="1379" status="PASS">
          <reporter-output>
          </reporter-output>
        </test-method> <!-- setup -->
        <test-method signature="contactUsTest()[pri:0, instance:testcases.ContactUsTest@44a59da3]" started-at="2026-06-08T09:17:19 IST" name="contactUsTest" finished-at="2026-06-08T09:17:47 IST" duration-ms="28483" status="PASS">
          <reporter-output>
          </reporter-output>
        </test-method> <!-- contactUsTest -->
        <test-method is-config="true" signature="tearDown()[pri:0, instance:testcases.ContactUsTest@44a59da3]" started-at="2026-06-08T09:17:47 IST" name="tearDown" finished-at="2026-06-08T09:17:48 IST" duration-ms="385" status="PASS">
          <reporter-output>
          </reporter-output>
        </test-method> <!-- tearDown -->
      </class> <!-- testcases.ContactUsTest -->
      <class name="testcases.SignupTest">
        <test-method is-config="true" signature="setup()[pri:0, instance:testcases.SignupTest@29a5f4e7]" started-at="2026-06-08T09:16:39 IST" name="setup" finished-at="2026-06-08T09:16:46 IST" duration-ms="7349" status="PASS">
          <reporter-output>
          </reporter-output>
        </test-method> <!-- setup -->
        <test-method signature="registerUserTest()[pri:0, instance:testcases.SignupTest@29a5f4e7]" started-at="2026-06-08T09:16:46 IST" name="registerUserTest" finished-at="2026-06-08T09:16:49 IST" duration-ms="2539" status="PASS">
          <reporter-output>
          </reporter-output>
        </test-method> <!-- registerUserTest -->
        <test-method is-config="true" signature="tearDown()[pri:0, instance:testcases.SignupTest@29a5f4e7]" started-at="2026-06-08T09:16:49 IST" name="tearDown" finished-at="2026-06-08T09:16:50 IST" duration-ms="708" status="PASS">
          <reporter-output>
          </reporter-output>
        </test-method> <!-- tearDown -->
      </class> <!-- testcases.SignupTest -->
      <class name="testcases.CartTest">
        <test-method is-config="true" signature="setup()[pri:0, instance:testcases.CartTest@2d9caaeb]" started-at="2026-06-08T09:17:01 IST" name="setup" finished-at="2026-06-08T09:17:04 IST" duration-ms="2998" status="PASS">
          <reporter-output>
          </reporter-output>
        </test-method> <!-- setup -->
        <test-method signature="addProductToCartTest()[pri:0, instance:testcases.CartTest@2d9caaeb]" started-at="2026-06-08T09:17:04 IST" name="addProductToCartTest" finished-at="2026-06-08T09:17:07 IST" duration-ms="3556" status="PASS">
          <reporter-output>
          </reporter-output>
        </test-method> <!-- addProductToCartTest -->
        <test-method is-config="true" signature="tearDown()[pri:0, instance:testcases.CartTest@2d9caaeb]" started-at="2026-06-08T09:17:07 IST" name="tearDown" finished-at="2026-06-08T09:17:08 IST" duration-ms="297" status="PASS">
          <reporter-output>
          </reporter-output>
        </test-method> <!-- tearDown -->
      </class> <!-- testcases.CartTest -->
      <class name="testcases.ProductsTest">
        <test-method is-config="true" signature="setup()[pri:0, instance:testcases.ProductsTest@79c97cb]" started-at="2026-06-08T09:16:50 IST" name="setup" finished-at="2026-06-08T09:16:54 IST" duration-ms="3836" status="PASS">
          <reporter-output>
          </reporter-output>
        </test-method> <!-- setup -->
        <test-method signature="searchProductTest()[pri:0, instance:testcases.ProductsTest@79c97cb]" started-at="2026-06-08T09:16:54 IST" name="searchProductTest" finished-at="2026-06-08T09:17:01 IST" duration-ms="7009" status="PASS">
          <reporter-output>
          </reporter-output>
        </test-method> <!-- searchProductTest -->
        <test-method is-config="true" signature="tearDown()[pri:0, instance:testcases.ProductsTest@79c97cb]" started-at="2026-06-08T09:17:01 IST" name="tearDown" finished-at="2026-06-08T09:17:01 IST" duration-ms="317" status="PASS">
          <reporter-output>
          </reporter-output>
        </test-method> <!-- tearDown -->
      </class> <!-- testcases.ProductsTest -->
      <class name="testcases.CheckoutTest">
        <test-method is-config="true" signature="setup()[pri:0, instance:testcases.CheckoutTest@42a15bdc]" started-at="2026-06-08T09:17:08 IST" name="setup" finished-at="2026-06-08T09:17:11 IST" duration-ms="2920" status="PASS">
          <reporter-output>
          </reporter-output>
        </test-method> <!-- setup -->
        <test-method signature="checkoutTest()[pri:0, instance:testcases.CheckoutTest@42a15bdc]" started-at="2026-06-08T09:17:11 IST" name="checkoutTest" finished-at="2026-06-08T09:17:17 IST" duration-ms="6445" status="PASS">
          <reporter-output>
          </reporter-output>
        </test-method> <!-- checkoutTest -->
        <test-method is-config="true" signature="tearDown()[pri:0, instance:testcases.CheckoutTest@42a15bdc]" started-at="2026-06-08T09:17:17 IST" name="tearDown" finished-at="2026-06-08T09:17:17 IST" duration-ms="367" status="PASS">
          <reporter-output>
          </reporter-output>
        </test-method> <!-- tearDown -->
      </class> <!-- testcases.CheckoutTest -->
      <class name="testcases.LoginTest">
        <test-method is-config="true" signature="setup()[pri:0, instance:testcases.LoginTest@295cf707]" started-at="2026-06-08T09:16:25 IST" name="setup" finished-at="2026-06-08T09:16:34 IST" duration-ms="8931" status="PASS">
          <reporter-output>
          </reporter-output>
        </test-method> <!-- setup -->
        <test-method signature="validLoginTest()[pri:0, instance:testcases.LoginTest@295cf707]" started-at="2026-06-08T09:16:34 IST" name="validLoginTest" finished-at="2026-06-08T09:16:39 IST" duration-ms="4544" status="PASS">
          <reporter-output>
          </reporter-output>
        </test-method> <!-- validLoginTest -->
        <test-method is-config="true" signature="tearDown()[pri:0, instance:testcases.LoginTest@295cf707]" started-at="2026-06-08T09:16:39 IST" name="tearDown" finished-at="2026-06-08T09:16:39 IST" duration-ms="386" status="PASS">
          <reporter-output>
          </reporter-output>
        </test-method> <!-- tearDown -->
      </class> <!-- testcases.LoginTest -->
    </test> <!-- AutomationExerciseTests -->
  </suite> <!-- AutomationExerciseSuite -->
</testng-results>
