<?xml version="1.0" encoding="UTF-8"?>
<testng-results ignored="0" total="6" passed="6" failed="0" skipped="0">
  <reporter-output>
  </reporter-output>
  <suite started-at="2026-06-06T13:45:33 IST" name="AutomationExerciseSuite" finished-at="2026-06-06T13:46:59 IST" duration-ms="85763">
    <groups>
    </groups>
    <test started-at="2026-06-06T13:45:33 IST" name="AutomationExerciseTests" finished-at="2026-06-06T13:46:59 IST" duration-ms="85763">
      <class name="testcases.ContactUsTest">
        <test-method is-config="true" signature="setup()[pri:0, instance:testcases.ContactUsTest@44a59da3]" started-at="2026-06-06T13:46:45 IST" name="setup" finished-at="2026-06-06T13:46:47 IST" duration-ms="1804" status="PASS">
          <reporter-output>
          </reporter-output>
        </test-method> <!-- setup -->
        <test-method signature="contactUsTest()[pri:0, instance:testcases.ContactUsTest@44a59da3]" started-at="2026-06-06T13:46:47 IST" name="contactUsTest" finished-at="2026-06-06T13:46:58 IST" duration-ms="10926" status="PASS">
          <reporter-output>
          </reporter-output>
        </test-method> <!-- contactUsTest -->
        <test-method is-config="true" signature="tearDown()[pri:0, instance:testcases.ContactUsTest@44a59da3]" started-at="2026-06-06T13:46:58 IST" name="tearDown" finished-at="2026-06-06T13:46:59 IST" duration-ms="1103" status="PASS">
          <reporter-output>
          </reporter-output>
        </test-method> <!-- tearDown -->
      </class> <!-- testcases.ContactUsTest -->
      <class name="testcases.SignupTest">
        <test-method is-config="true" signature="setup()[pri:0, instance:testcases.SignupTest@29a5f4e7]" started-at="2026-06-06T13:45:51 IST" name="setup" finished-at="2026-06-06T13:45:58 IST" duration-ms="6398" status="PASS">
          <reporter-output>
          </reporter-output>
        </test-method> <!-- setup -->
        <test-method signature="registerUserTest()[pri:0, instance:testcases.SignupTest@29a5f4e7]" started-at="2026-06-06T13:45:58 IST" name="registerUserTest" finished-at="2026-06-06T13:46:06 IST" duration-ms="7912" status="PASS">
          <reporter-output>
          </reporter-output>
        </test-method> <!-- registerUserTest -->
        <test-method is-config="true" signature="tearDown()[pri:0, instance:testcases.SignupTest@29a5f4e7]" started-at="2026-06-06T13:46:06 IST" name="tearDown" finished-at="2026-06-06T13:46:07 IST" duration-ms="1078" status="PASS">
          <reporter-output>
          </reporter-output>
        </test-method> <!-- tearDown -->
      </class> <!-- testcases.SignupTest -->
      <class name="testcases.CartTest">
        <test-method is-config="true" signature="setup()[pri:0, instance:testcases.CartTest@2d9caaeb]" started-at="2026-06-06T13:46:20 IST" name="setup" finished-at="2026-06-06T13:46:23 IST" duration-ms="3633" status="PASS">
          <reporter-output>
          </reporter-output>
        </test-method> <!-- setup -->
        <test-method signature="addProductToCartTest()[pri:0, instance:testcases.CartTest@2d9caaeb]" started-at="2026-06-06T13:46:23 IST" name="addProductToCartTest" finished-at="2026-06-06T13:46:28 IST" duration-ms="4731" status="PASS">
          <reporter-output>
          </reporter-output>
        </test-method> <!-- addProductToCartTest -->
        <test-method is-config="true" signature="tearDown()[pri:0, instance:testcases.CartTest@2d9caaeb]" started-at="2026-06-06T13:46:28 IST" name="tearDown" finished-at="2026-06-06T13:46:28 IST" duration-ms="526" status="PASS">
          <reporter-output>
          </reporter-output>
        </test-method> <!-- tearDown -->
      </class> <!-- testcases.CartTest -->
      <class name="testcases.ProductsTest">
        <test-method is-config="true" signature="setup()[pri:0, instance:testcases.ProductsTest@79c97cb]" started-at="2026-06-06T13:46:07 IST" name="setup" finished-at="2026-06-06T13:46:13 IST" duration-ms="6374" status="PASS">
          <reporter-output>
          </reporter-output>
        </test-method> <!-- setup -->
        <test-method signature="searchProductTest()[pri:0, instance:testcases.ProductsTest@79c97cb]" started-at="2026-06-06T13:46:13 IST" name="searchProductTest" finished-at="2026-06-06T13:46:19 IST" duration-ms="5607" status="PASS">
          <reporter-output>
          </reporter-output>
        </test-method> <!-- searchProductTest -->
        <test-method is-config="true" signature="tearDown()[pri:0, instance:testcases.ProductsTest@79c97cb]" started-at="2026-06-06T13:46:19 IST" name="tearDown" finished-at="2026-06-06T13:46:20 IST" duration-ms="860" status="PASS">
          <reporter-output>
          </reporter-output>
        </test-method> <!-- tearDown -->
      </class> <!-- testcases.ProductsTest -->
      <class name="testcases.CheckoutTest">
        <test-method is-config="true" signature="setup()[pri:0, instance:testcases.CheckoutTest@42a15bdc]" started-at="2026-06-06T13:46:28 IST" name="setup" finished-at="2026-06-06T13:46:36 IST" duration-ms="7483" status="PASS">
          <reporter-output>
          </reporter-output>
        </test-method> <!-- setup -->
        <test-method signature="checkoutTest()[pri:0, instance:testcases.CheckoutTest@42a15bdc]" started-at="2026-06-06T13:46:36 IST" name="checkoutTest" finished-at="2026-06-06T13:46:44 IST" duration-ms="8325" status="PASS">
          <reporter-output>
          </reporter-output>
        </test-method> <!-- checkoutTest -->
        <test-method is-config="true" signature="tearDown()[pri:0, instance:testcases.CheckoutTest@42a15bdc]" started-at="2026-06-06T13:46:44 IST" name="tearDown" finished-at="2026-06-06T13:46:45 IST" duration-ms="657" status="PASS">
          <reporter-output>
          </reporter-output>
        </test-method> <!-- tearDown -->
      </class> <!-- testcases.CheckoutTest -->
      <class name="testcases.LoginTest">
        <test-method is-config="true" signature="setup()[pri:0, instance:testcases.LoginTest@295cf707]" started-at="2026-06-06T13:45:33 IST" name="setup" finished-at="2026-06-06T13:45:45 IST" duration-ms="11900" status="PASS">
          <reporter-output>
          </reporter-output>
        </test-method> <!-- setup -->
        <test-method signature="validLoginTest()[pri:0, instance:testcases.LoginTest@295cf707]" started-at="2026-06-06T13:45:45 IST" name="validLoginTest" finished-at="2026-06-06T13:45:50 IST" duration-ms="5450" status="PASS">
          <reporter-output>
          </reporter-output>
        </test-method> <!-- validLoginTest -->
        <test-method is-config="true" signature="tearDown()[pri:0, instance:testcases.LoginTest@295cf707]" started-at="2026-06-06T13:45:50 IST" name="tearDown" finished-at="2026-06-06T13:45:51 IST" duration-ms="828" status="PASS">
          <reporter-output>
          </reporter-output>
        </test-method> <!-- tearDown -->
      </class> <!-- testcases.LoginTest -->
    </test> <!-- AutomationExerciseTests -->
  </suite> <!-- AutomationExerciseSuite -->
</testng-results>
